2023-04-12 20:58:01,323 INFO PERFORMANCE:|0|0|-1|-1

2023-04-12 21:03:01,328 INFO PERFORMANCE:|0|0|-1|-1

2023-04-12 21:08:01,330 INFO PERFORMANCE:|1|1|-1|-1

2023-04-12 21:13:01,333 INFO PERFORMANCE:|1|1|-1|-1

2023-04-12 21:18:01,336 INFO PERFORMANCE:|1|1|-1|-1

2023-04-12 21:23:01,336 INFO PERFORMANCE:|1|1|-1|-1

2023-04-12 21:28:01,339 INFO PERFORMANCE:|1|1|-1|-1

2023-04-12 21:33:01,340 INFO PERFORMANCE:|1|1|-1|-1

2023-04-12 21:38:01,343 INFO PERFORMANCE:|1|1|-1|-1

2023-04-12 21:43:01,345 INFO PERFORMANCE:|1|1|-1|-1

2023-04-12 21:48:01,347 INFO PERFORMANCE:|1|1|-1|-1

2023-04-12 21:53:01,349 INFO PERFORMANCE:|1|1|-1|-1

2023-04-12 21:58:01,351 INFO PERFORMANCE:|1|1|-1|-1

2023-04-12 22:03:01,351 INFO PERFORMANCE:|1|1|-1|-1

2023-04-12 22:08:01,355 INFO PERFORMANCE:|1|1|-1|-1

2023-04-12 22:13:01,358 INFO PERFORMANCE:|1|1|-1|-1

2023-04-12 22:18:01,366 INFO PERFORMANCE:|1|1|-1|-1

2023-04-12 22:23:01,370 INFO PERFORMANCE:|1|1|-1|-1

2023-04-12 22:28:01,372 INFO PERFORMANCE:|1|1|-1|-1

2023-04-12 22:33:01,376 INFO PERFORMANCE:|1|1|-1|-1

2023-04-12 22:38:01,378 INFO PERFORMANCE:|1|1|-1|-1

2023-04-12 22:43:01,379 INFO PERFORMANCE:|1|1|-1|-1

2023-04-12 22:48:01,383 INFO PERFORMANCE:|1|1|-1|-1

2023-04-12 22:53:01,387 INFO PERFORMANCE:|1|1|-1|-1

2023-04-12 22:58:01,389 INFO PERFORMANCE:|1|1|-1|-1

2023-04-12 23:03:01,391 INFO PERFORMANCE:|1|1|-1|-1

2023-04-12 23:08:01,391 INFO PERFORMANCE:|1|1|-1|-1

